0 info it worked if it ends with ok
1 verbose cli [ 'node', '/usr/local/bin/npm', 'install', 'node-ember' ]
2 info using npm@1.3.11
3 info using node@v0.10.18
4 verbose readDependencies using package.json deps
5 verbose cache add [ 'node-ember', null ]
6 verbose cache add name=undefined spec="node-ember" args=["node-ember",null]
7 verbose parsed url { protocol: null,
7 verbose parsed url   slashes: null,
7 verbose parsed url   auth: null,
7 verbose parsed url   host: null,
7 verbose parsed url   port: null,
7 verbose parsed url   hostname: null,
7 verbose parsed url   hash: null,
7 verbose parsed url   search: null,
7 verbose parsed url   query: null,
7 verbose parsed url   pathname: 'node-ember',
7 verbose parsed url   path: 'node-ember',
7 verbose parsed url   href: 'node-ember' }
8 silly lockFile 8ad79b9c-node-ember node-ember
9 verbose lock node-ember /Users/Wildhoney/.npm/8ad79b9c-node-ember.lock
10 silly lockFile 8ad79b9c-node-ember node-ember
11 silly lockFile 8ad79b9c-node-ember node-ember
12 verbose addNamed [ 'node-ember', '' ]
13 verbose addNamed [ null, '*' ]
14 silly lockFile 72c2854c-node-ember node-ember@
15 verbose lock node-ember@ /Users/Wildhoney/.npm/72c2854c-node-ember.lock
16 silly addNameRange { name: 'node-ember', range: '*', hasData: false }
17 verbose url raw node-ember
18 verbose url resolving [ 'https://registry.npmjs.org/', './node-ember' ]
19 verbose url resolved https://registry.npmjs.org/node-ember
20 info trying registry request attempt 1 at 19:18:28
21 http GET https://registry.npmjs.org/node-ember
22 http 404 https://registry.npmjs.org/node-ember
23 silly registry.get cb [ 404,
23 silly registry.get   { server: 'CouchDB/1.3.1 (Erlang OTP/R15B03)',
23 silly registry.get     date: 'Sun, 27 Oct 2013 19:18:29 GMT',
23 silly registry.get     'content-type': 'application/json',
23 silly registry.get     'content-length': '52',
23 silly registry.get     'cache-control': 'must-revalidate' } ]
24 silly lockFile 72c2854c-node-ember node-ember@
25 silly lockFile 72c2854c-node-ember node-ember@
26 error 404 'node-ember' is not in the npm registry.
26 error 404 You should bug the author to publish it
26 error 404
26 error 404 Maybe try 'npm search ember'
26 error 404
26 error 404 Note that you can also install from a
26 error 404 tarball, folder, or http url, or git url.
27 error System Darwin 12.4.0
28 error command "node" "/usr/local/bin/npm" "install" "node-ember"
29 error cwd /Users/Wildhoney/Webroot/EmberSockets
30 error node -v v0.10.18
31 error npm -v 1.3.11
32 error code E404
33 verbose exit [ 1, true ]
